[debug] [2022-02-21T21:48:45.334Z] ----------------------------------------------------------------------
[debug] [2022-02-21T21:48:45.336Z] Command:       C:\Program Files\nodejs\node.exe C:\Users\LMA192\AppData\Roaming\npm\node_modules\firebase-tools\lib\bin\firebase.js serve
[debug] [2022-02-21T21:48:45.337Z] CLI Version:   10.2.0
[debug] [2022-02-21T21:48:45.337Z] Platform:      win32
[debug] [2022-02-21T21:48:45.337Z] Node Version:  v14.18.1
[debug] [2022-02-21T21:48:45.338Z] Time:          Mon Feb 21 2022 16:48:45 GMT-0500 (Eastern Standard Time)
[debug] [2022-02-21T21:48:45.338Z] ----------------------------------------------------------------------
[debug] 
[debug] [2022-02-21T21:48:45.398Z] > command requires scopes: ["email","openid","https://www.googleapis.com/auth/cloudplatformprojects.readonly","https://www.googleapis.com/auth/firebase","https://www.googleapis.com/auth/cloud-platform"]
[debug] [2022-02-21T21:48:45.398Z] > authorizing via signed-in user (15703476199ma@gmail.com)
[debug] [2022-02-21T21:48:45.398Z] [iam] checking project ninth-glider-325616 for permissions ["firebase.projects.get"]
[debug] [2022-02-21T21:48:45.400Z] >>> [apiv2][query] POST https://cloudresourcemanager.googleapis.com/v1/projects/ninth-glider-325616:testIamPermissions [none]
[debug] [2022-02-21T21:48:45.400Z] >>> [apiv2][body] POST https://cloudresourcemanager.googleapis.com/v1/projects/ninth-glider-325616:testIamPermissions {"permissions":["firebase.projects.get"]}
[debug] [2022-02-21T21:48:45.598Z] <<< [apiv2][status] POST https://cloudresourcemanager.googleapis.com/v1/projects/ninth-glider-325616:testIamPermissions 200
[debug] [2022-02-21T21:48:45.598Z] <<< [apiv2][body] POST https://cloudresourcemanager.googleapis.com/v1/projects/ninth-glider-325616:testIamPermissions {"permissions":["firebase.projects.get"]}
[debug] [2022-02-21T21:48:45.599Z] >>> [apiv2][query] GET https://firebase.googleapis.com/v1beta1/projects/ninth-glider-325616 [none]
[debug] [2022-02-21T21:48:45.880Z] <<< [apiv2][status] GET https://firebase.googleapis.com/v1beta1/projects/ninth-glider-325616 200
[debug] [2022-02-21T21:48:45.880Z] <<< [apiv2][body] GET https://firebase.googleapis.com/v1beta1/projects/ninth-glider-325616 {"projectId":"ninth-glider-325616","projectNumber":"823385830598","displayName":"Sum-Accounting","name":"projects/ninth-glider-325616","resources":{"hostingSite":"ninth-glider-325616","realtimeDatabaseInstance":"ninth-glider-325616-default-rtdb","storageBucket":"ninth-glider-325616.appspot.com","locationId":"us-central"},"state":"ACTIVE"}
[info] 
[info] === Serving from 'F:\Github\Reacttest\my-app'...
[info] 
[debug] [2022-02-21T21:48:45.887Z] >>> [apiv2][query] GET https://firebasehosting.googleapis.com/v1beta1/projects/ninth-glider-325616/sites 
[warn] !  Your requested "node" version "16" doesn't match your global version "14". Using node@14 from host. {"metadata":{"emulator":{"name":"functions"},"message":"Your requested \"node\" version \"16\" doesn't match your global version \"14\". Using node@14 from host."}}
[debug] [2022-02-21T21:48:45.900Z] defaultcredentials: writing to file C:\Users\LMA192\AppData\Roaming\firebase\15703476199ma_gmail_com_application_default_credentials.json
[debug] [2022-02-21T21:48:45.902Z] Setting GAC to C:\Users\LMA192\AppData\Roaming\firebase\15703476199ma_gmail_com_application_default_credentials.json {"metadata":{"emulator":{"name":"functions"},"message":"Setting GAC to C:\\Users\\LMA192\\AppData\\Roaming\\firebase\\15703476199ma_gmail_com_application_default_credentials.json"}}
[debug] [2022-02-21T21:48:45.903Z] >>> [apiv2][query] GET https://firebase.googleapis.com/v1beta1/projects/ninth-glider-325616/adminSdkConfig [none]
[debug] [2022-02-21T21:48:46.184Z] <<< [apiv2][status] GET https://firebasehosting.googleapis.com/v1beta1/projects/ninth-glider-325616/sites 200
[debug] [2022-02-21T21:48:46.185Z] <<< [apiv2][body] GET https://firebasehosting.googleapis.com/v1beta1/projects/ninth-glider-325616/sites {"sites":[{"name":"projects/823385830598/sites/ninth-glider-325616","defaultUrl":"https://ninth-glider-325616.web.app","appId":"1:823385830598:web:27985028c06df0faf593c7","type":"DEFAULT_SITE"}]}
[debug] [2022-02-21T21:48:46.185Z] >>> [apiv2][query] GET https://firebase.googleapis.com/v1beta1/projects/ninth-glider-325616/webApps/1:823385830598:web:27985028c06df0faf593c7/config [none]
[debug] [2022-02-21T21:48:46.227Z] <<< [apiv2][status] GET https://firebase.googleapis.com/v1beta1/projects/ninth-glider-325616/adminSdkConfig 200
[debug] [2022-02-21T21:48:46.227Z] <<< [apiv2][body] GET https://firebase.googleapis.com/v1beta1/projects/ninth-glider-325616/adminSdkConfig {"projectId":"ninth-glider-325616","databaseURL":"https://ninth-glider-325616-default-rtdb.firebaseio.com","storageBucket":"ninth-glider-325616.appspot.com","locationId":"us-central"}
[debug] [2022-02-21T21:48:46.610Z] <<< [apiv2][status] GET https://firebase.googleapis.com/v1beta1/projects/ninth-glider-325616/webApps/1:823385830598:web:27985028c06df0faf593c7/config 200
[debug] [2022-02-21T21:48:46.610Z] <<< [apiv2][body] GET https://firebase.googleapis.com/v1beta1/projects/ninth-glider-325616/webApps/1:823385830598:web:27985028c06df0faf593c7/config {"projectId":"ninth-glider-325616","appId":"1:823385830598:web:27985028c06df0faf593c7","databaseURL":"https://ninth-glider-325616-default-rtdb.firebaseio.com","storageBucket":"ninth-glider-325616.appspot.com","locationId":"us-central","apiKey":"AIzaSyARs6Jzuz1cd4cnKMXy48z-ssq7iM3QZ3o","authDomain":"ninth-glider-325616.firebaseapp.com","messagingSenderId":"823385830598","measurementId":"G-1TJV605HJS"}
[info] i  functions: Watching "F:\Github\Reacttest\my-app\functions" for Cloud Functions... {"metadata":{"emulator":{"name":"functions"},"message":"Watching \"F:\\Github\\Reacttest\\my-app\\functions\" for Cloud Functions..."}}
[info] i  hosting: Serving hosting files from: build {"metadata":{"emulator":{"name":"hosting"},"message":"Serving hosting files from: \u001b[1mbuild\u001b[22m"}}
[info] +  hosting: Local server: http://localhost:5000 {"metadata":{"emulator":{"name":"hosting"},"message":"Local server: \u001b[4m\u001b[1mhttp://localhost:5000\u001b[22m\u001b[24m"}}
[debug] [2022-02-21T21:48:46.631Z] Validating nodejs source
[debug] [2022-02-21T21:48:49.490Z] > [functions] package.json contents: {
  "name": "functions",
  "description": "Cloud Functions for Firebase",
  "scripts": {
    "lint": "eslint .",
    "serve": "firebase emulators:start --only functions",
    "shell": "firebase functions:shell",
    "start": "npm run shell",
    "deploy": "firebase deploy --only functions",
    "logs": "firebase functions:log"
  },
  "engines": {
    "node": "16"
  },
  "main": "index.js",
  "dependencies": {
    "firebase-admin": "^9.8.0",
    "firebase-functions": "^3.14.1"
  },
  "devDependencies": {
    "eslint": "^7.6.0",
    "eslint-config-google": "^0.14.0",
    "firebase-functions-test": "^0.2.0"
  },
  "private": true
}
[debug] [2022-02-21T21:48:49.490Z] Building nodejs source
[debug] [2022-02-21T21:48:49.490Z] Analyzing nodejs backend spec
[info] +  functions[us-central1-api]: http function initialized (http://localhost:5001/ninth-glider-325616/us-central1/api). {"metadata":{"emulator":{"name":"functions"},"message":"\u001b[1mhttp\u001b[22m function initialized (http://localhost:5001/ninth-glider-325616/us-central1/api)."}}
[debug] [2022-02-21T21:49:38.044Z] ----------------------------------------------------------------------
[debug] [2022-02-21T21:49:38.046Z] Command:       C:\Program Files\nodejs\node.exe C:\Users\LMA192\AppData\Roaming\npm\node_modules\firebase-tools\lib\bin\firebase.js serve
[debug] [2022-02-21T21:49:38.046Z] CLI Version:   10.2.0
[debug] [2022-02-21T21:49:38.046Z] Platform:      win32
[debug] [2022-02-21T21:49:38.046Z] Node Version:  v14.18.1
[debug] [2022-02-21T21:49:38.047Z] Time:          Mon Feb 21 2022 16:49:38 GMT-0500 (Eastern Standard Time)
[debug] [2022-02-21T21:49:38.047Z] ----------------------------------------------------------------------
[debug] 
[debug] [2022-02-21T21:49:38.107Z] > command requires scopes: ["email","openid","https://www.googleapis.com/auth/cloudplatformprojects.readonly","https://www.googleapis.com/auth/firebase","https://www.googleapis.com/auth/cloud-platform"]
[debug] [2022-02-21T21:49:38.108Z] > authorizing via signed-in user (15703476199ma@gmail.com)
[debug] [2022-02-21T21:49:38.108Z] [iam] checking project ninth-glider-325616 for permissions ["firebase.projects.get"]
[debug] [2022-02-21T21:49:38.110Z] >>> [apiv2][query] POST https://cloudresourcemanager.googleapis.com/v1/projects/ninth-glider-325616:testIamPermissions [none]
[debug] [2022-02-21T21:49:38.110Z] >>> [apiv2][body] POST https://cloudresourcemanager.googleapis.com/v1/projects/ninth-glider-325616:testIamPermissions {"permissions":["firebase.projects.get"]}
[debug] [2022-02-21T21:49:38.371Z] <<< [apiv2][status] POST https://cloudresourcemanager.googleapis.com/v1/projects/ninth-glider-325616:testIamPermissions 200
[debug] [2022-02-21T21:49:38.371Z] <<< [apiv2][body] POST https://cloudresourcemanager.googleapis.com/v1/projects/ninth-glider-325616:testIamPermissions {"permissions":["firebase.projects.get"]}
[debug] [2022-02-21T21:49:38.373Z] >>> [apiv2][query] GET https://firebase.googleapis.com/v1beta1/projects/ninth-glider-325616 [none]
[debug] [2022-02-21T21:49:38.665Z] <<< [apiv2][status] GET https://firebase.googleapis.com/v1beta1/projects/ninth-glider-325616 200
[debug] [2022-02-21T21:49:38.666Z] <<< [apiv2][body] GET https://firebase.googleapis.com/v1beta1/projects/ninth-glider-325616 {"projectId":"ninth-glider-325616","projectNumber":"823385830598","displayName":"Sum-Accounting","name":"projects/ninth-glider-325616","resources":{"hostingSite":"ninth-glider-325616","realtimeDatabaseInstance":"ninth-glider-325616-default-rtdb","storageBucket":"ninth-glider-325616.appspot.com","locationId":"us-central"},"state":"ACTIVE"}
[info] 
[info] === Serving from 'F:\Github\Reacttest\my-app'...
[info] 
[debug] [2022-02-21T21:49:38.672Z] >>> [apiv2][query] GET https://firebasehosting.googleapis.com/v1beta1/projects/ninth-glider-325616/sites 
[warn] !  Your requested "node" version "16" doesn't match your global version "14". Using node@14 from host. {"metadata":{"emulator":{"name":"functions"},"message":"Your requested \"node\" version \"16\" doesn't match your global version \"14\". Using node@14 from host."}}
[debug] [2022-02-21T21:49:38.684Z] defaultcredentials: writing to file C:\Users\LMA192\AppData\Roaming\firebase\15703476199ma_gmail_com_application_default_credentials.json
[debug] [2022-02-21T21:49:38.686Z] Setting GAC to C:\Users\LMA192\AppData\Roaming\firebase\15703476199ma_gmail_com_application_default_credentials.json {"metadata":{"emulator":{"name":"functions"},"message":"Setting GAC to C:\\Users\\LMA192\\AppData\\Roaming\\firebase\\15703476199ma_gmail_com_application_default_credentials.json"}}
[debug] [2022-02-21T21:49:38.687Z] >>> [apiv2][query] GET https://firebase.googleapis.com/v1beta1/projects/ninth-glider-325616/adminSdkConfig [none]
[debug] [2022-02-21T21:49:38.946Z] <<< [apiv2][status] GET https://firebasehosting.googleapis.com/v1beta1/projects/ninth-glider-325616/sites 200
[debug] [2022-02-21T21:49:38.947Z] <<< [apiv2][body] GET https://firebasehosting.googleapis.com/v1beta1/projects/ninth-glider-325616/sites {"sites":[{"name":"projects/823385830598/sites/ninth-glider-325616","defaultUrl":"https://ninth-glider-325616.web.app","appId":"1:823385830598:web:27985028c06df0faf593c7","type":"DEFAULT_SITE"}]}
[debug] [2022-02-21T21:49:38.948Z] >>> [apiv2][query] GET https://firebase.googleapis.com/v1beta1/projects/ninth-glider-325616/webApps/1:823385830598:web:27985028c06df0faf593c7/config [none]
[debug] [2022-02-21T21:49:39.000Z] <<< [apiv2][status] GET https://firebase.googleapis.com/v1beta1/projects/ninth-glider-325616/adminSdkConfig 200
[debug] [2022-02-21T21:49:39.001Z] <<< [apiv2][body] GET https://firebase.googleapis.com/v1beta1/projects/ninth-glider-325616/adminSdkConfig {"projectId":"ninth-glider-325616","databaseURL":"https://ninth-glider-325616-default-rtdb.firebaseio.com","storageBucket":"ninth-glider-325616.appspot.com","locationId":"us-central"}
[debug] [2022-02-21T21:49:39.438Z] <<< [apiv2][status] GET https://firebase.googleapis.com/v1beta1/projects/ninth-glider-325616/webApps/1:823385830598:web:27985028c06df0faf593c7/config 200
[debug] [2022-02-21T21:49:39.438Z] <<< [apiv2][body] GET https://firebase.googleapis.com/v1beta1/projects/ninth-glider-325616/webApps/1:823385830598:web:27985028c06df0faf593c7/config {"projectId":"ninth-glider-325616","appId":"1:823385830598:web:27985028c06df0faf593c7","databaseURL":"https://ninth-glider-325616-default-rtdb.firebaseio.com","storageBucket":"ninth-glider-325616.appspot.com","locationId":"us-central","apiKey":"AIzaSyARs6Jzuz1cd4cnKMXy48z-ssq7iM3QZ3o","authDomain":"ninth-glider-325616.firebaseapp.com","messagingSenderId":"823385830598","measurementId":"G-1TJV605HJS"}
[info] i  functions: Watching "F:\Github\Reacttest\my-app\functions" for Cloud Functions... {"metadata":{"emulator":{"name":"functions"},"message":"Watching \"F:\\Github\\Reacttest\\my-app\\functions\" for Cloud Functions..."}}
[info] i  hosting: Serving hosting files from: build {"metadata":{"emulator":{"name":"hosting"},"message":"Serving hosting files from: \u001b[1mbuild\u001b[22m"}}
[info] +  hosting: Local server: http://localhost:5000 {"metadata":{"emulator":{"name":"hosting"},"message":"Local server: \u001b[4m\u001b[1mhttp://localhost:5000\u001b[22m\u001b[24m"}}
[debug] [2022-02-21T21:49:39.492Z] Validating nodejs source
[debug] [2022-02-21T21:49:42.127Z] > [functions] package.json contents: {
  "name": "functions",
  "description": "Cloud Functions for Firebase",
  "scripts": {
    "lint": "eslint .",
    "serve": "firebase emulators:start --only functions",
    "shell": "firebase functions:shell",
    "start": "npm run shell",
    "deploy": "firebase deploy --only functions",
    "logs": "firebase functions:log"
  },
  "engines": {
    "node": "16"
  },
  "main": "index.js",
  "dependencies": {
    "firebase-admin": "^9.8.0",
    "firebase-functions": "^3.14.1"
  },
  "devDependencies": {
    "eslint": "^7.6.0",
    "eslint-config-google": "^0.14.0",
    "firebase-functions-test": "^0.2.0"
  },
  "private": true
}
[debug] [2022-02-21T21:49:42.128Z] Building nodejs source
[debug] [2022-02-21T21:49:42.128Z] Analyzing nodejs backend spec
[info] +  functions[us-central1-api]: http function initialized (http://localhost:5001/ninth-glider-325616/us-central1/api). {"metadata":{"emulator":{"name":"functions"},"message":"\u001b[1mhttp\u001b[22m function initialized (http://localhost:5001/ninth-glider-325616/us-central1/api)."}}
[debug] [2022-02-21T21:53:44.827Z] ----------------------------------------------------------------------
[debug] [2022-02-21T21:53:44.830Z] Command:       C:\Program Files\nodejs\node.exe C:\Users\LMA192\AppData\Roaming\npm\node_modules\firebase-tools\lib\bin\firebase.js serve
[debug] [2022-02-21T21:53:44.831Z] CLI Version:   10.2.0
[debug] [2022-02-21T21:53:44.831Z] Platform:      win32
[debug] [2022-02-21T21:53:44.831Z] Node Version:  v14.18.1
[debug] [2022-02-21T21:53:44.844Z] Time:          Mon Feb 21 2022 16:53:44 GMT-0500 (Eastern Standard Time)
[debug] [2022-02-21T21:53:44.845Z] ----------------------------------------------------------------------
[debug] 
[debug] [2022-02-21T21:53:44.908Z] > command requires scopes: ["email","openid","https://www.googleapis.com/auth/cloudplatformprojects.readonly","https://www.googleapis.com/auth/firebase","https://www.googleapis.com/auth/cloud-platform"]
[debug] [2022-02-21T21:53:44.908Z] > authorizing via signed-in user (15703476199ma@gmail.com)
[debug] [2022-02-21T21:53:44.909Z] [iam] checking project ninth-glider-325616 for permissions ["firebase.projects.get"]
[debug] [2022-02-21T21:53:44.913Z] >>> [apiv2][query] POST https://cloudresourcemanager.googleapis.com/v1/projects/ninth-glider-325616:testIamPermissions [none]
[debug] [2022-02-21T21:53:44.913Z] >>> [apiv2][body] POST https://cloudresourcemanager.googleapis.com/v1/projects/ninth-glider-325616:testIamPermissions {"permissions":["firebase.projects.get"]}
[debug] [2022-02-21T21:53:45.138Z] <<< [apiv2][status] POST https://cloudresourcemanager.googleapis.com/v1/projects/ninth-glider-325616:testIamPermissions 200
[debug] [2022-02-21T21:53:45.138Z] <<< [apiv2][body] POST https://cloudresourcemanager.googleapis.com/v1/projects/ninth-glider-325616:testIamPermissions {"permissions":["firebase.projects.get"]}
[debug] [2022-02-21T21:53:45.140Z] >>> [apiv2][query] GET https://firebase.googleapis.com/v1beta1/projects/ninth-glider-325616 [none]
[debug] [2022-02-21T21:53:45.464Z] <<< [apiv2][status] GET https://firebase.googleapis.com/v1beta1/projects/ninth-glider-325616 200
[debug] [2022-02-21T21:53:45.465Z] <<< [apiv2][body] GET https://firebase.googleapis.com/v1beta1/projects/ninth-glider-325616 {"projectId":"ninth-glider-325616","projectNumber":"823385830598","displayName":"Sum-Accounting","name":"projects/ninth-glider-325616","resources":{"hostingSite":"ninth-glider-325616","realtimeDatabaseInstance":"ninth-glider-325616-default-rtdb","storageBucket":"ninth-glider-325616.appspot.com","locationId":"us-central"},"state":"ACTIVE"}
[info] 
[info] === Serving from 'F:\Github\Reacttest\my-app'...
[info] 
[debug] [2022-02-21T21:53:45.472Z] >>> [apiv2][query] GET https://firebasehosting.googleapis.com/v1beta1/projects/ninth-glider-325616/sites 
[debug] [2022-02-21T21:53:45.584Z] Error: Cannot find module 'F:\Github\Reacttest\my-app\functions\package.json'
Require stack:
- C:\Users\LMA192\AppData\Roaming\npm\node_modules\firebase-tools\lib\emulator\functionsEmulator.js
- C:\Users\LMA192\AppData\Roaming\npm\node_modules\firebase-tools\lib\emulator\controller.js
- C:\Users\LMA192\AppData\Roaming\npm\node_modules\firebase-tools\lib\emulator\commandUtils.js
- C:\Users\LMA192\AppData\Roaming\npm\node_modules\firebase-tools\lib\commands\database-get.js
- C:\Users\LMA192\AppData\Roaming\npm\node_modules\firebase-tools\lib\commands\index.js
- C:\Users\LMA192\AppData\Roaming\npm\node_modules\firebase-tools\lib\index.js
- C:\Users\LMA192\AppData\Roaming\npm\node_modules\firebase-tools\lib\bin\firebase.js
    at Function.Module._resolveFilename (internal/modules/cjs/loader.js:902:15)
    at Function.Module._load (internal/modules/cjs/loader.js:746:27)
    at Module.require (internal/modules/cjs/loader.js:974:19)
    at require (internal/modules/cjs/helpers.js:93:18)
    at FunctionsEmulator.getNodeBinary (C:\Users\LMA192\AppData\Roaming\npm\node_modules\firebase-tools\lib\emulator\functionsEmulator.js:494:21)
    at FunctionsEmulator.start (C:\Users\LMA192\AppData\Roaming\npm\node_modules\firebase-tools\lib\emulator\functionsEmulator.js:179:39)
    at Function.start (C:\Users\LMA192\AppData\Roaming\npm\node_modules\firebase-tools\lib\emulator\registry.js:16:24)
    at EmulatorServer.start (C:\Users\LMA192\AppData\Roaming\npm\node_modules\firebase-tools\lib\emulator\emulatorServer.js:17:43)
    at processTicksAndRejections (internal/process/task_queues.js:95:5)
    at async FunctionsServer.start (C:\Users\LMA192\AppData\Roaming\npm\node_modules\firebase-tools\lib\serve\functions.js:51:9)
    at async Promise.all (index 1)
    at async serve (C:\Users\LMA192\AppData\Roaming\npm\node_modules\firebase-tools\lib\serve\index.js:14:5)
[error] 
[error] Error: An unexpected error has occurred.
[debug] [2022-02-21T21:53:45.756Z] <<< [apiv2][status] GET https://firebasehosting.googleapis.com/v1beta1/projects/ninth-glider-325616/sites 200
[debug] [2022-02-21T21:53:45.757Z] <<< [apiv2][body] GET https://firebasehosting.googleapis.com/v1beta1/projects/ninth-glider-325616/sites {"sites":[{"name":"projects/823385830598/sites/ninth-glider-325616","defaultUrl":"https://ninth-glider-325616.web.app","appId":"1:823385830598:web:27985028c06df0faf593c7","type":"DEFAULT_SITE"}]}
[debug] [2022-02-21T21:53:45.757Z] >>> [apiv2][query] GET https://firebase.googleapis.com/v1beta1/projects/ninth-glider-325616/webApps/1:823385830598:web:27985028c06df0faf593c7/config [none]
[debug] [2022-02-21T21:54:09.444Z] ----------------------------------------------------------------------
[debug] [2022-02-21T21:54:09.447Z] Command:       C:\Program Files\nodejs\node.exe C:\Users\LMA192\AppData\Roaming\npm\node_modules\firebase-tools\lib\bin\firebase.js serve
[debug] [2022-02-21T21:54:09.447Z] CLI Version:   10.2.0
[debug] [2022-02-21T21:54:09.447Z] Platform:      win32
[debug] [2022-02-21T21:54:09.448Z] Node Version:  v14.18.1
[debug] [2022-02-21T21:54:09.449Z] Time:          Mon Feb 21 2022 16:54:09 GMT-0500 (Eastern Standard Time)
[debug] [2022-02-21T21:54:09.449Z] ----------------------------------------------------------------------
[debug] 
[debug] [2022-02-21T21:54:09.521Z] > command requires scopes: ["email","openid","https://www.googleapis.com/auth/cloudplatformprojects.readonly","https://www.googleapis.com/auth/firebase","https://www.googleapis.com/auth/cloud-platform"]
[debug] [2022-02-21T21:54:09.521Z] > authorizing via signed-in user (15703476199ma@gmail.com)
[debug] [2022-02-21T21:54:09.522Z] [iam] checking project ninth-glider-325616 for permissions ["firebase.projects.get"]
[debug] [2022-02-21T21:54:09.523Z] >>> [apiv2][query] POST https://cloudresourcemanager.googleapis.com/v1/projects/ninth-glider-325616:testIamPermissions [none]
[debug] [2022-02-21T21:54:09.524Z] >>> [apiv2][body] POST https://cloudresourcemanager.googleapis.com/v1/projects/ninth-glider-325616:testIamPermissions {"permissions":["firebase.projects.get"]}
[debug] [2022-02-21T21:54:09.798Z] <<< [apiv2][status] POST https://cloudresourcemanager.googleapis.com/v1/projects/ninth-glider-325616:testIamPermissions 200
[debug] [2022-02-21T21:54:09.798Z] <<< [apiv2][body] POST https://cloudresourcemanager.googleapis.com/v1/projects/ninth-glider-325616:testIamPermissions {"permissions":["firebase.projects.get"]}
[debug] [2022-02-21T21:54:09.799Z] >>> [apiv2][query] GET https://firebase.googleapis.com/v1beta1/projects/ninth-glider-325616 [none]
[debug] [2022-02-21T21:54:10.138Z] <<< [apiv2][status] GET https://firebase.googleapis.com/v1beta1/projects/ninth-glider-325616 200
[debug] [2022-02-21T21:54:10.139Z] <<< [apiv2][body] GET https://firebase.googleapis.com/v1beta1/projects/ninth-glider-325616 {"projectId":"ninth-glider-325616","projectNumber":"823385830598","displayName":"Sum-Accounting","name":"projects/ninth-glider-325616","resources":{"hostingSite":"ninth-glider-325616","realtimeDatabaseInstance":"ninth-glider-325616-default-rtdb","storageBucket":"ninth-glider-325616.appspot.com","locationId":"us-central"},"state":"ACTIVE"}
[info] 
[info] === Serving from 'F:\Github\Reacttest\my-app'...
[info] 
[debug] [2022-02-21T21:54:10.153Z] >>> [apiv2][query] GET https://firebasehosting.googleapis.com/v1beta1/projects/ninth-glider-325616/sites 
[debug] [2022-02-21T21:54:10.278Z] Error: Cannot find module 'F:\Github\Reacttest\my-app\functions\package.json'
Require stack:
- C:\Users\LMA192\AppData\Roaming\npm\node_modules\firebase-tools\lib\emulator\functionsEmulator.js
- C:\Users\LMA192\AppData\Roaming\npm\node_modules\firebase-tools\lib\emulator\controller.js
- C:\Users\LMA192\AppData\Roaming\npm\node_modules\firebase-tools\lib\emulator\commandUtils.js
- C:\Users\LMA192\AppData\Roaming\npm\node_modules\firebase-tools\lib\commands\database-get.js
- C:\Users\LMA192\AppData\Roaming\npm\node_modules\firebase-tools\lib\commands\index.js
- C:\Users\LMA192\AppData\Roaming\npm\node_modules\firebase-tools\lib\index.js
- C:\Users\LMA192\AppData\Roaming\npm\node_modules\firebase-tools\lib\bin\firebase.js
    at Function.Module._resolveFilename (internal/modules/cjs/loader.js:902:15)
    at Function.Module._load (internal/modules/cjs/loader.js:746:27)
    at Module.require (internal/modules/cjs/loader.js:974:19)
    at require (internal/modules/cjs/helpers.js:93:18)
    at FunctionsEmulator.getNodeBinary (C:\Users\LMA192\AppData\Roaming\npm\node_modules\firebase-tools\lib\emulator\functionsEmulator.js:494:21)
    at FunctionsEmulator.start (C:\Users\LMA192\AppData\Roaming\npm\node_modules\firebase-tools\lib\emulator\functionsEmulator.js:179:39)
    at Function.start (C:\Users\LMA192\AppData\Roaming\npm\node_modules\firebase-tools\lib\emulator\registry.js:16:24)
    at EmulatorServer.start (C:\Users\LMA192\AppData\Roaming\npm\node_modules\firebase-tools\lib\emulator\emulatorServer.js:17:43)
    at processTicksAndRejections (internal/process/task_queues.js:95:5)
    at async FunctionsServer.start (C:\Users\LMA192\AppData\Roaming\npm\node_modules\firebase-tools\lib\serve\functions.js:51:9)
    at async Promise.all (index 1)
    at async serve (C:\Users\LMA192\AppData\Roaming\npm\node_modules\firebase-tools\lib\serve\index.js:14:5)
[error] 
[error] Error: An unexpected error has occurred.
[debug] [2022-02-21T21:54:10.414Z] <<< [apiv2][status] GET https://firebasehosting.googleapis.com/v1beta1/projects/ninth-glider-325616/sites 200
[debug] [2022-02-21T21:54:10.415Z] <<< [apiv2][body] GET https://firebasehosting.googleapis.com/v1beta1/projects/ninth-glider-325616/sites {"sites":[{"name":"projects/823385830598/sites/ninth-glider-325616","defaultUrl":"https://ninth-glider-325616.web.app","appId":"1:823385830598:web:27985028c06df0faf593c7","type":"DEFAULT_SITE"}]}
[debug] [2022-02-21T21:54:10.415Z] >>> [apiv2][query] GET https://firebase.googleapis.com/v1beta1/projects/ninth-glider-325616/webApps/1:823385830598:web:27985028c06df0faf593c7/config [none]
