[debug] [2022-03-08T17:58:29.051Z] ----------------------------------------------------------------------
[debug] [2022-03-08T17:58:29.053Z] Command:       C:\Program Files\nodejs\node.exe C:\Users\LMA192\AppData\Roaming\npm\node_modules\firebase-tools\lib\bin\firebase.js serve
[debug] [2022-03-08T17:58:29.053Z] CLI Version:   10.2.1
[debug] [2022-03-08T17:58:29.053Z] Platform:      win32
[debug] [2022-03-08T17:58:29.053Z] Node Version:  v14.18.1
[debug] [2022-03-08T17:58:29.054Z] Time:          Tue Mar 08 2022 12:58:29 GMT-0500 (Eastern Standard Time)
[debug] [2022-03-08T17:58:29.054Z] ----------------------------------------------------------------------
[debug] 
[debug] [2022-03-08T17:58:29.115Z] > command requires scopes: ["email","openid","https://www.googleapis.com/auth/cloudplatformprojects.readonly","https://www.googleapis.com/auth/firebase","https://www.googleapis.com/auth/cloud-platform"]
[debug] [2022-03-08T17:58:29.115Z] > authorizing via signed-in user (15703476199ma@gmail.com)
[debug] [2022-03-08T17:58:29.115Z] [iam] checking project ninth-glider-325616 for permissions ["firebase.projects.get"]
[debug] [2022-03-08T17:58:29.117Z] >>> [apiv2][query] POST https://cloudresourcemanager.googleapis.com/v1/projects/ninth-glider-325616:testIamPermissions [none]
[debug] [2022-03-08T17:58:29.117Z] >>> [apiv2][body] POST https://cloudresourcemanager.googleapis.com/v1/projects/ninth-glider-325616:testIamPermissions {"permissions":["firebase.projects.get"]}
[debug] [2022-03-08T17:58:29.387Z] <<< [apiv2][status] POST https://cloudresourcemanager.googleapis.com/v1/projects/ninth-glider-325616:testIamPermissions 200
[debug] [2022-03-08T17:58:29.387Z] <<< [apiv2][body] POST https://cloudresourcemanager.googleapis.com/v1/projects/ninth-glider-325616:testIamPermissions {"permissions":["firebase.projects.get"]}
[debug] [2022-03-08T17:58:29.389Z] >>> [apiv2][query] GET https://firebase.googleapis.com/v1beta1/projects/ninth-glider-325616 [none]
[debug] [2022-03-08T17:58:29.677Z] <<< [apiv2][status] GET https://firebase.googleapis.com/v1beta1/projects/ninth-glider-325616 200
[debug] [2022-03-08T17:58:29.677Z] <<< [apiv2][body] GET https://firebase.googleapis.com/v1beta1/projects/ninth-glider-325616 {"projectId":"ninth-glider-325616","projectNumber":"823385830598","displayName":"Sum-Accounting","name":"projects/ninth-glider-325616","resources":{"hostingSite":"ninth-glider-325616","realtimeDatabaseInstance":"ninth-glider-325616-default-rtdb","storageBucket":"ninth-glider-325616.appspot.com","locationId":"us-central"},"state":"ACTIVE"}
[info] 
[info] === Serving from 'F:\Github\Reacttest\my-app'...
[info] 
[debug] [2022-03-08T17:58:29.693Z] >>> [apiv2][query] GET https://firebasehosting.googleapis.com/v1beta1/projects/ninth-glider-325616/sites 
[warn] !  Your requested "node" version "16" doesn't match your global version "14". Using node@14 from host. {"metadata":{"emulator":{"name":"functions"},"message":"Your requested \"node\" version \"16\" doesn't match your global version \"14\". Using node@14 from host."}}
[debug] [2022-03-08T17:58:29.719Z] defaultcredentials: writing to file C:\Users\LMA192\AppData\Roaming\firebase\15703476199ma_gmail_com_application_default_credentials.json
[debug] [2022-03-08T17:58:29.721Z] Setting GAC to C:\Users\LMA192\AppData\Roaming\firebase\15703476199ma_gmail_com_application_default_credentials.json {"metadata":{"emulator":{"name":"functions"},"message":"Setting GAC to C:\\Users\\LMA192\\AppData\\Roaming\\firebase\\15703476199ma_gmail_com_application_default_credentials.json"}}
[debug] [2022-03-08T17:58:29.722Z] >>> [apiv2][query] GET https://firebase.googleapis.com/v1beta1/projects/ninth-glider-325616/adminSdkConfig [none]
[debug] [2022-03-08T17:58:29.956Z] <<< [apiv2][status] GET https://firebasehosting.googleapis.com/v1beta1/projects/ninth-glider-325616/sites 200
[debug] [2022-03-08T17:58:29.957Z] <<< [apiv2][body] GET https://firebasehosting.googleapis.com/v1beta1/projects/ninth-glider-325616/sites {"sites":[{"name":"projects/823385830598/sites/ninth-glider-325616","defaultUrl":"https://ninth-glider-325616.web.app","appId":"1:823385830598:web:27985028c06df0faf593c7","type":"DEFAULT_SITE"}]}
[debug] [2022-03-08T17:58:29.957Z] >>> [apiv2][query] GET https://firebase.googleapis.com/v1beta1/projects/ninth-glider-325616/webApps/1:823385830598:web:27985028c06df0faf593c7/config [none]
[debug] [2022-03-08T17:58:29.970Z] <<< [apiv2][status] GET https://firebase.googleapis.com/v1beta1/projects/ninth-glider-325616/adminSdkConfig 200
[debug] [2022-03-08T17:58:29.971Z] <<< [apiv2][body] GET https://firebase.googleapis.com/v1beta1/projects/ninth-glider-325616/adminSdkConfig {"projectId":"ninth-glider-325616","databaseURL":"https://ninth-glider-325616-default-rtdb.firebaseio.com","storageBucket":"ninth-glider-325616.appspot.com","locationId":"us-central"}
[debug] [2022-03-08T17:58:30.460Z] <<< [apiv2][status] GET https://firebase.googleapis.com/v1beta1/projects/ninth-glider-325616/webApps/1:823385830598:web:27985028c06df0faf593c7/config 200
[debug] [2022-03-08T17:58:30.460Z] <<< [apiv2][body] GET https://firebase.googleapis.com/v1beta1/projects/ninth-glider-325616/webApps/1:823385830598:web:27985028c06df0faf593c7/config {"projectId":"ninth-glider-325616","appId":"1:823385830598:web:27985028c06df0faf593c7","databaseURL":"https://ninth-glider-325616-default-rtdb.firebaseio.com","storageBucket":"ninth-glider-325616.appspot.com","locationId":"us-central","apiKey":"AIzaSyARs6Jzuz1cd4cnKMXy48z-ssq7iM3QZ3o","authDomain":"ninth-glider-325616.firebaseapp.com","messagingSenderId":"823385830598","measurementId":"G-1TJV605HJS"}
[info] i  functions: Watching "F:\Github\Reacttest\my-app\functions" for Cloud Functions... {"metadata":{"emulator":{"name":"functions"},"message":"Watching \"F:\\Github\\Reacttest\\my-app\\functions\" for Cloud Functions..."}}
[info] i  hosting: Serving hosting files from: build {"metadata":{"emulator":{"name":"hosting"},"message":"Serving hosting files from: \u001b[1mbuild\u001b[22m"}}
[info] +  hosting: Local server: http://localhost:5000 {"metadata":{"emulator":{"name":"hosting"},"message":"Local server: \u001b[4m\u001b[1mhttp://localhost:5000\u001b[22m\u001b[24m"}}
[debug] [2022-03-08T17:58:30.483Z] Validating nodejs source
[debug] [2022-03-08T17:58:32.981Z] > [functions] package.json contents: {
  "name": "functions",
  "description": "Cloud Functions for Firebase",
  "scripts": {
    "serve": "firebase emulators:start --only functions",
    "shell": "firebase functions:shell",
    "start": "npm run shell",
    "deploy": "firebase deploy --only functions",
    "logs": "firebase functions:log"
  },
  "engines": {
    "node": "16"
  },
  "main": "index.js",
  "dependencies": {
    "firebase-admin": "^9.8.0",
    "firebase-functions": "^3.14.1",
    "nodemailer": "^6.7.2"
  },
  "devDependencies": {
    "firebase-functions-test": "^0.2.0"
  },
  "private": true
}
[debug] [2022-03-08T17:58:32.981Z] Building nodejs source
[debug] [2022-03-08T17:58:32.981Z] Analyzing nodejs backend spec
[info] +  functions[us-central1-app]: http function initialized (http://localhost:5001/ninth-glider-325616/us-central1/app). {"metadata":{"emulator":{"name":"functions"},"message":"\u001b[1mhttp\u001b[22m function initialized (http://localhost:5001/ninth-glider-325616/us-central1/app)."}}
[info] i  hosting: 127.0.0.1 - - [08/Mar/2022:17:58:45 +0000] "GET / HTTP/1.1" 200 1065 "-" "Mozilla/5.0 (Windows NT 10.0; Win64; x64) AppleWebKit/537.36 (KHTML, like Gecko) Chrome/99.0.4844.51 Safari/537.36 Edg/99.0.1150.30" {"metadata":{"emulator":{"name":"hosting"},"message":"127.0.0.1 - - [08/Mar/2022:17:58:45 +0000] \"GET / HTTP/1.1\" 200 1065 \"-\" \"Mozilla/5.0 (Windows NT 10.0; Win64; x64) AppleWebKit/537.36 (KHTML, like Gecko) Chrome/99.0.4844.51 Safari/537.36 Edg/99.0.1150.30\""}}
[info] [hosting] Rewriting /sendmail?Username=LIANGJI%20MA&email=LMA192@ubishops.ca&subject=asda&message=dasdasd to http://localhost:5001/ninth-glider-325616/us-central1/app for local Function us-central1/app
[debug] [2022-03-08T17:59:00.468Z] >>> [apiv2][query] GET http://localhost:5001/ninth-glider-325616/us-central1/app/sendmail Username=LIANGJI+MA&email=LMA192%40ubishops.ca&subject=asda&message=dasdasd
[debug] [2022-03-08T17:59:00.472Z] [work-queue] {"queueLength":1,"workRunningCount":0}
[debug] [2022-03-08T17:59:00.473Z] [work-queue] {"queueLength":0,"workRunningCount":1}
[debug] [2022-03-08T17:59:00.473Z] Accepted request GET /ninth-glider-325616/us-central1/app/sendmail?Username=LIANGJI+MA&email=LMA192%40ubishops.ca&subject=asda&message=dasdasd --> us-central1-app
[debug] [2022-03-08T17:59:00.516Z] [worker-pool] addWorker(us-central1-app) {"metadata":{"emulator":{"name":"functions"},"message":"[worker-pool] addWorker(us-central1-app)"}}
[debug] [2022-03-08T17:59:00.516Z] [worker-pool] Adding worker with key us-central1-app, total=1 {"metadata":{"emulator":{"name":"functions"},"message":"[worker-pool] Adding worker with key us-central1-app, total=1"}}
[debug] [2022-03-08T17:59:00.517Z] [worker-pool] submitWork(triggerId=us-central1-app) {"metadata":{"emulator":{"name":"functions"},"message":"[worker-pool] submitWork(triggerId=us-central1-app)"}}
[debug] [2022-03-08T17:59:00.517Z] [worker-us-central1-app-0f2ee7b1-bdda-4071-b2ae-132c59db00c1]: Assigning socketPath: \\?\pipe\F:\Github\Reacttest\my-app\functions\24124 {"metadata":{"emulator":{"name":"functions"},"message":"[worker-us-central1-app-0f2ee7b1-bdda-4071-b2ae-132c59db00c1]: Assigning socketPath: \\\\?\\pipe\\F:\\Github\\Reacttest\\my-app\\functions\\24124"}}
[debug] [2022-03-08T17:59:00.517Z] [worker-us-central1-app-0f2ee7b1-bdda-4071-b2ae-132c59db00c1]: BUSY {"metadata":{"emulator":{"name":"functions"},"message":"[worker-us-central1-app-0f2ee7b1-bdda-4071-b2ae-132c59db00c1]: BUSY"}}
[debug] [2022-03-08T17:59:01.575Z] [runtime-status] [24124] Functions runtime initialized. {"cwd":"F:\\Github\\Reacttest\\my-app\\functions","node_version":"14.18.1"} {"metadata":{"emulator":{"name":"functions"},"function":{"name":"us-central1-app"},"message":"[runtime-status] [24124] Functions runtime initialized. {\"cwd\":\"F:\\\\Github\\\\Reacttest\\\\my-app\\\\functions\",\"node_version\":\"14.18.1\"}"}}
[debug] [2022-03-08T17:59:01.576Z] [runtime-status] [24124] Disabled runtime features: undefined {"metadata":{"emulator":{"name":"functions"},"function":{"name":"us-central1-app"},"message":"[runtime-status] [24124] Disabled runtime features: undefined"}}
[debug] [2022-03-08T17:59:01.578Z] [runtime-status] [24124] Resolved module firebase-admin {"declared":true,"installed":true,"version":"9.12.0","resolution":"F:\\Github\\Reacttest\\my-app\\functions\\node_modules\\firebase-admin\\lib\\index.js"} {"metadata":{"emulator":{"name":"functions"},"function":{"name":"us-central1-app"},"message":"[runtime-status] [24124] Resolved module firebase-admin {\"declared\":true,\"installed\":true,\"version\":\"9.12.0\",\"resolution\":\"F:\\\\Github\\\\Reacttest\\\\my-app\\\\functions\\\\node_modules\\\\firebase-admin\\\\lib\\\\index.js\"}"}}
[debug] [2022-03-08T17:59:01.580Z] [runtime-status] [24124] Resolved module firebase-functions {"declared":true,"installed":true,"version":"3.18.1","resolution":"F:\\Github\\Reacttest\\my-app\\functions\\node_modules\\firebase-functions\\lib\\index.js"} {"metadata":{"emulator":{"name":"functions"},"function":{"name":"us-central1-app"},"message":"[runtime-status] [24124] Resolved module firebase-functions {\"declared\":true,\"installed\":true,\"version\":\"3.18.1\",\"resolution\":\"F:\\\\Github\\\\Reacttest\\\\my-app\\\\functions\\\\node_modules\\\\firebase-functions\\\\lib\\\\index.js\"}"}}
[debug] [2022-03-08T17:59:01.580Z] [runtime-status] [24124] Outgoing network have been stubbed. [{"name":"http","status":"mocked"},{"name":"http","status":"mocked"},{"name":"https","status":"mocked"},{"name":"https","status":"mocked"},{"name":"net","status":"mocked"}] {"metadata":{"emulator":{"name":"functions"},"function":{"name":"us-central1-app"},"message":"[runtime-status] [24124] Outgoing network have been stubbed. [{\"name\":\"http\",\"status\":\"mocked\"},{\"name\":\"http\",\"status\":\"mocked\"},{\"name\":\"https\",\"status\":\"mocked\"},{\"name\":\"https\",\"status\":\"mocked\"},{\"name\":\"net\",\"status\":\"mocked\"}]"}}
[debug] [2022-03-08T17:59:01.581Z] [runtime-status] [24124] Resolved module firebase-functions {"declared":true,"installed":true,"version":"3.18.1","resolution":"F:\\Github\\Reacttest\\my-app\\functions\\node_modules\\firebase-functions\\lib\\index.js"} {"metadata":{"emulator":{"name":"functions"},"function":{"name":"us-central1-app"},"message":"[runtime-status] [24124] Resolved module firebase-functions {\"declared\":true,\"installed\":true,\"version\":\"3.18.1\",\"resolution\":\"F:\\\\Github\\\\Reacttest\\\\my-app\\\\functions\\\\node_modules\\\\firebase-functions\\\\lib\\\\index.js\"}"}}
[debug] [2022-03-08T17:59:01.619Z] [runtime-status] [24124] Checked functions.config() {"config":{}} {"metadata":{"emulator":{"name":"functions"},"function":{"name":"us-central1-app"},"message":"[runtime-status] [24124] Checked functions.config() {\"config\":{}}"}}
[debug] [2022-03-08T17:59:01.619Z] [runtime-status] [24124] firebase-functions has been stubbed. {"functionsResolution":{"declared":true,"installed":true,"version":"3.18.1","resolution":"F:\\Github\\Reacttest\\my-app\\functions\\node_modules\\firebase-functions\\lib\\index.js"}} {"metadata":{"emulator":{"name":"functions"},"function":{"name":"us-central1-app"},"message":"[runtime-status] [24124] firebase-functions has been stubbed. {\"functionsResolution\":{\"declared\":true,\"installed\":true,\"version\":\"3.18.1\",\"resolution\":\"F:\\\\Github\\\\Reacttest\\\\my-app\\\\functions\\\\node_modules\\\\firebase-functions\\\\lib\\\\index.js\"}}"}}
[debug] [2022-03-08T17:59:01.620Z] [runtime-status] [24124] Resolved module firebase-functions {"declared":true,"installed":true,"version":"3.18.1","resolution":"F:\\Github\\Reacttest\\my-app\\functions\\node_modules\\firebase-functions\\lib\\index.js"} {"metadata":{"emulator":{"name":"functions"},"function":{"name":"us-central1-app"},"message":"[runtime-status] [24124] Resolved module firebase-functions {\"declared\":true,\"installed\":true,\"version\":\"3.18.1\",\"resolution\":\"F:\\\\Github\\\\Reacttest\\\\my-app\\\\functions\\\\node_modules\\\\firebase-functions\\\\lib\\\\index.js\"}"}}
[debug] [2022-03-08T17:59:01.621Z] [runtime-status] [24124] Resolved module firebase-admin {"declared":true,"installed":true,"version":"9.12.0","resolution":"F:\\Github\\Reacttest\\my-app\\functions\\node_modules\\firebase-admin\\lib\\index.js"} {"metadata":{"emulator":{"name":"functions"},"function":{"name":"us-central1-app"},"message":"[runtime-status] [24124] Resolved module firebase-admin {\"declared\":true,\"installed\":true,\"version\":\"9.12.0\",\"resolution\":\"F:\\\\Github\\\\Reacttest\\\\my-app\\\\functions\\\\node_modules\\\\firebase-admin\\\\lib\\\\index.js\"}"}}
[debug] [2022-03-08T17:59:01.622Z] [runtime-status] [24124] Resolved module firebase-functions {"declared":true,"installed":true,"version":"3.18.1","resolution":"F:\\Github\\Reacttest\\my-app\\functions\\node_modules\\firebase-functions\\lib\\index.js"} {"metadata":{"emulator":{"name":"functions"},"function":{"name":"us-central1-app"},"message":"[runtime-status] [24124] Resolved module firebase-functions {\"declared\":true,\"installed\":true,\"version\":\"3.18.1\",\"resolution\":\"F:\\\\Github\\\\Reacttest\\\\my-app\\\\functions\\\\node_modules\\\\firebase-functions\\\\lib\\\\index.js\"}"}}
[debug] [2022-03-08T17:59:01.622Z] [runtime-status] [24124] firebase-admin has been stubbed. {"adminResolution":{"declared":true,"installed":true,"version":"9.12.0","resolution":"F:\\Github\\Reacttest\\my-app\\functions\\node_modules\\firebase-admin\\lib\\index.js"}} {"metadata":{"emulator":{"name":"functions"},"function":{"name":"us-central1-app"},"message":"[runtime-status] [24124] firebase-admin has been stubbed. {\"adminResolution\":{\"declared\":true,\"installed\":true,\"version\":\"9.12.0\",\"resolution\":\"F:\\\\Github\\\\Reacttest\\\\my-app\\\\functions\\\\node_modules\\\\firebase-admin\\\\lib\\\\index.js\"}}"}}
[debug] [2022-03-08T17:59:01.755Z] [runtime-status] [24124] Beginning invocation function app! {"metadata":{"emulator":{"name":"functions"},"function":{"name":"us-central1-app"},"message":"[runtime-status] [24124] Beginning invocation function app!"}}
[info] i  functions: Beginning execution of "app" {"metadata":{"emulator":{"name":"functions"},"function":{"name":"us-central1-app"},"message":"Beginning execution of \"app\""}}
[debug] [2022-03-08T17:59:01.756Z] [runtime-status] [24124] Running app in signature http {"metadata":{"emulator":{"name":"functions"},"function":{"name":"us-central1-app"},"message":"[runtime-status] [24124] Running app in signature http"}}
[debug] [2022-03-08T17:59:01.759Z] [runtime-status] [24124] Attempting to listen to socketPath: \\?\pipe\F:\Github\Reacttest\my-app\functions\24124 {"metadata":{"emulator":{"name":"functions"},"function":{"name":"us-central1-app"},"message":"[runtime-status] [24124] Attempting to listen to socketPath: \\\\?\\pipe\\F:\\Github\\Reacttest\\my-app\\functions\\24124"}}
[debug] [2022-03-08T17:59:01.762Z] [functions] Runtime ready! Sending request! {"metadata":{"emulator":{"name":"functions"},"message":"[functions] Runtime ready! Sending request!"}}
[debug] [2022-03-08T17:59:01.763Z] [functions] Got req.url=/ninth-glider-325616/us-central1/app/sendmail?Username=LIANGJI+MA&email=LMA192%40ubishops.ca&subject=asda&message=dasdasd, mapping to path=/sendmail?Username=LIANGJI+MA&email=LMA192%40ubishops.ca&subject=asda&message=dasdasd {"metadata":{"emulator":{"name":"functions"},"message":"[functions] Got req.url=/ninth-glider-325616/us-central1/app/sendmail?Username=LIANGJI+MA&email=LMA192%40ubishops.ca&subject=asda&message=dasdasd, mapping to path=/sendmail?Username=LIANGJI+MA&email=LMA192%40ubishops.ca&subject=asda&message=dasdasd"}}
[debug] [2022-03-08T17:59:01.768Z] [runtime-status] [24124] Ephemeral server handling GET request {"metadata":{"emulator":{"name":"functions"},"function":{"name":"us-central1-app"},"message":"[runtime-status] [24124] Ephemeral server handling GET request"}}
[debug] [2022-03-08T17:59:01.777Z] [runtime-status] [24124] Ephemeral server survived. {"metadata":{"emulator":{"name":"functions"},"function":{"name":"us-central1-app"},"message":"[runtime-status] [24124] Ephemeral server survived."}}
[debug] [2022-03-08T17:59:01.778Z] <<< [apiv2][status] GET http://localhost:5001/ninth-glider-325616/us-central1/app/sendmail 200
[debug] [2022-03-08T17:59:01.778Z] <<< [apiv2][body] GET http://localhost:5001/ninth-glider-325616/us-central1/app/sendmail [stream]
[info] i  hosting: 127.0.0.1 - - [08/Mar/2022:17:59:01 +0000] "GET /sendmail?Username=LIANGJI%20MA&email=LMA192@ubishops.ca&subject=asda&message=dasdasd HTTP/1.1" 200 7 "http://localhost:5000/ContactUs" "Mozilla/5.0 (Windows NT 10.0; Win64; x64) AppleWebKit/537.36 (KHTML, like Gecko) Chrome/99.0.4844.51 Safari/537.36 Edg/99.0.1150.30" {"metadata":{"emulator":{"name":"hosting"},"message":"127.0.0.1 - - [08/Mar/2022:17:59:01 +0000] \"GET /sendmail?Username=LIANGJI%20MA&email=LMA192@ubishops.ca&subject=asda&message=dasdasd HTTP/1.1\" 200 7 \"http://localhost:5000/ContactUs\" \"Mozilla/5.0 (Windows NT 10.0; Win64; x64) AppleWebKit/537.36 (KHTML, like Gecko) Chrome/99.0.4844.51 Safari/537.36 Edg/99.0.1150.30\""}}
[info] i  functions: Finished "app" in ~1s {"metadata":{"emulator":{"name":"functions"},"function":{"name":"us-central1-app"},"message":"Finished \"app\" in ~1s"}}
[debug] [2022-03-08T17:59:01.782Z] [worker-us-central1-app-0f2ee7b1-bdda-4071-b2ae-132c59db00c1]: IDLE {"metadata":{"emulator":{"name":"functions"},"message":"[worker-us-central1-app-0f2ee7b1-bdda-4071-b2ae-132c59db00c1]: IDLE"}}
[debug] [2022-03-08T17:59:01.783Z] [work-queue] {"queueLength":0,"workRunningCount":0}
[info] i  hosting: 127.0.0.1 - - [08/Mar/2022:17:59:02 +0000] "GET /static/css/main.5e8b0e27.css HTTP/1.1" 200 189035 "http://localhost:5000/ContactUs" "Mozilla/5.0 (Windows NT 10.0; Win64; x64) AppleWebKit/537.36 (KHTML, like Gecko) Chrome/99.0.4844.51 Safari/537.36 Edg/99.0.1150.30" {"metadata":{"emulator":{"name":"hosting"},"message":"127.0.0.1 - - [08/Mar/2022:17:59:02 +0000] \"GET /static/css/main.5e8b0e27.css HTTP/1.1\" 200 189035 \"http://localhost:5000/ContactUs\" \"Mozilla/5.0 (Windows NT 10.0; Win64; x64) AppleWebKit/537.36 (KHTML, like Gecko) Chrome/99.0.4844.51 Safari/537.36 Edg/99.0.1150.30\""}}
[info] i  hosting: 127.0.0.1 - - [08/Mar/2022:17:59:02 +0000] "GET /static/js/main.a09dffa7.js.map HTTP/1.1" 200 1730589 "-" "Mozilla/5.0 (Windows NT 10.0; Win64; x64) AppleWebKit/537.36 (KHTML, like Gecko) Chrome/99.0.4844.51 Safari/537.36 Edg/99.0.1150.30" {"metadata":{"emulator":{"name":"hosting"},"message":"127.0.0.1 - - [08/Mar/2022:17:59:02 +0000] \"GET /static/js/main.a09dffa7.js.map HTTP/1.1\" 200 1730589 \"-\" \"Mozilla/5.0 (Windows NT 10.0; Win64; x64) AppleWebKit/537.36 (KHTML, like Gecko) Chrome/99.0.4844.51 Safari/537.36 Edg/99.0.1150.30\""}}
[info] i  hosting: 127.0.0.1 - - [08/Mar/2022:17:59:02 +0000] "GET /static/css/main.5e8b0e27.css.map HTTP/1.1" 200 477546 "-" "Mozilla/5.0 (Windows NT 10.0; Win64; x64) AppleWebKit/537.36 (KHTML, like Gecko) Chrome/99.0.4844.51 Safari/537.36 Edg/99.0.1150.30" {"metadata":{"emulator":{"name":"hosting"},"message":"127.0.0.1 - - [08/Mar/2022:17:59:02 +0000] \"GET /static/css/main.5e8b0e27.css.map HTTP/1.1\" 200 477546 \"-\" \"Mozilla/5.0 (Windows NT 10.0; Win64; x64) AppleWebKit/537.36 (KHTML, like Gecko) Chrome/99.0.4844.51 Safari/537.36 Edg/99.0.1150.30\""}}
